<?xml version="1.0" encoding="UTF-8"?>
<testng-results skipped="0" failed="0" ignored="0" total="1" passed="1">
  <reporter-output>
  </reporter-output>
  <suite name="Default suite" duration-ms="8713" started-at="2019-10-12T14:35:56Z" finished-at="2019-10-12T14:36:04Z">
    <groups>
    </groups>
    <test name="Default test" duration-ms="8713" started-at="2019-10-12T14:35:56Z" finished-at="2019-10-12T14:36:04Z">
      <class name="testcases.Test4">
        <test-method status="PASS" signature="BeforeSuite()[pri:0, instance:testcases.Test4@cb5822]" name="BeforeSuite" is-config="true" duration-ms="14" started-at="2019-10-12T14:35:56Z" finished-at="2019-10-12T14:35:56Z">
          <reporter-output>
          </reporter-output>
        </test-method> <!-- BeforeSuite -->
        <test-method status="PASS" signature="verifyAddCommentAPI()[pri:0, instance:testcases.Test4@cb5822]" name="verifyAddCommentAPI" duration-ms="8689" started-at="2019-10-12T14:35:56Z" finished-at="2019-10-12T14:36:04Z">
          <reporter-output>
          </reporter-output>
        </test-method> <!-- verifyAddCommentAPI -->
      </class> <!-- testcases.Test4 -->
    </test> <!-- Default test -->
  </suite> <!-- Default suite -->
</testng-results>
